0 info it worked if it ends with ok
1 verbose cli [ '/usr/local/Cellar/node/7.4.0/bin/node',
1 verbose cli   '/Users/rickards/.npm-packages/bin/npm',
1 verbose cli   'start' ]
2 info using npm@4.1.1
3 info using node@v7.4.0
4 verbose stack Error: ENOENT: no such file or directory, open '/Users/rickards/UNC Bootcamp/My_Work/Countdown-Champ/package.json'
5 verbose cwd /Users/rickards/UNC Bootcamp/My_Work/Countdown-Champ
6 error Darwin 15.6.0
7 error argv "/usr/local/Cellar/node/7.4.0/bin/node" "/Users/rickards/.npm-packages/bin/npm" "start"
8 error node v7.4.0
9 error npm  v4.1.1
10 error path /Users/rickards/UNC Bootcamp/My_Work/Countdown-Champ/package.json
11 error code ENOENT
12 error errno -2
13 error syscall open
14 error enoent ENOENT: no such file or directory, open '/Users/rickards/UNC Bootcamp/My_Work/Countdown-Champ/package.json'
15 error enoent ENOENT: no such file or directory, open '/Users/rickards/UNC Bootcamp/My_Work/Countdown-Champ/package.json'
15 error enoent This is most likely not a problem with npm itself
15 error enoent and is related to npm not being able to find a file.
16 verbose exit [ -2, true ]
